0 info it worked if it ends with ok
1 verbose cli [ 'D:\\Program Files\\nodejs\\node.exe',
1 verbose cli   'D:\\Program Files\\nodejs\\node_modules\\npm\\bin\\npm-cli.js',
1 verbose cli   'publish' ]
2 info using npm@2.14.2
3 info using node@v4.0.0
4 verbose publish [ '.' ]
5 silly cache add args [ '.', null ]
6 verbose cache add spec .
7 silly cache add parsed spec Result {
7 silly cache add   raw: '.',
7 silly cache add   scope: null,
7 silly cache add   name: null,
7 silly cache add   rawSpec: '.',
7 silly cache add   spec: 'E:\\Node_Project\\MyModules\\osr-childprocess',
7 silly cache add   type: 'directory' }
8 verbose addLocalDirectory C:\Users\Administrator\AppData\Roaming\npm-cache\osr-childprocess\0.1.5\package.tgz not in flight; packing
9 verbose tar pack [ 'C:\\Users\\Administrator\\AppData\\Roaming\\npm-cache\\osr-childprocess\\0.1.5\\package.tgz',
9 verbose tar pack   'E:\\Node_Project\\MyModules\\osr-childprocess' ]
10 verbose tarball C:\Users\Administrator\AppData\Roaming\npm-cache\osr-childprocess\0.1.5\package.tgz
11 verbose folder E:\Node_Project\MyModules\osr-childprocess
12 info prepublish osr-childprocess@0.1.5
13 verbose addLocalTarball adding from inside cache C:\Users\Administrator\AppData\Roaming\npm-cache\osr-childprocess\0.1.5\package.tgz
14 silly cache afterAdd osr-childprocess@0.1.5
15 verbose afterAdd C:\Users\Administrator\AppData\Roaming\npm-cache\osr-childprocess\0.1.5\package\package.json not in flight; writing
16 verbose afterAdd C:\Users\Administrator\AppData\Roaming\npm-cache\osr-childprocess\0.1.5\package\package.json written
17 silly publish { name: 'osr-childprocess',
17 silly publish   version: '0.1.5',
17 silly publish   main: 'index.js',
17 silly publish   directories: { test: 'test' },
17 silly publish   scripts: { test: 'node test/index.js' },
17 silly publish   repository:
17 silly publish    { type: 'git',
17 silly publish      url: 'git+https://github.com/oscava/osr-childprocess.git' },
17 silly publish   keywords: [ 'childprocess' ],
17 silly publish   author: { name: 'cava.zhang' },
17 silly publish   license: 'ISC',
17 silly publish   bugs: { url: 'https://github.com/oscava/osr-childprocess/issues' },
17 silly publish   dependencies:
17 silly publish    { argh: '*',
17 silly publish      zmq: '*',
17 silly publish      promise: '*',
17 silly publish      portfinder: '*',
17 silly publish      'osr-class': '*' },
17 silly publish   homepage: 'https://github.com/oscava/osr-childprocess#readme',
17 silly publish   description: 'osr,childprocess,redis,mq',
17 silly publish   gitHead: 'f2ea96de397d0e045535055f7b9dc83acbabbb6e',
17 silly publish   readme: 'ERROR: No README data found!',
17 silly publish   _id: 'osr-childprocess@0.1.5',
17 silly publish   _shasum: '8a5da2e53f29e670465d17fd0b3be27e597f5a34',
17 silly publish   _from: '.' }
18 verbose getPublishConfig undefined
19 silly mapToRegistry name osr-childprocess
20 silly mapToRegistry using default registry
21 silly mapToRegistry registry https://registry.npmjs.org/
22 silly mapToRegistry uri https://registry.npmjs.org/osr-childprocess
23 verbose publish registryBase https://registry.npmjs.org/
24 silly publish uploading C:\Users\Administrator\AppData\Roaming\npm-cache\osr-childprocess\0.1.5\package.tgz
25 verbose request uri https://registry.npmjs.org/osr-childprocess
26 verbose request sending authorization for write operation
27 info attempt registry request try #1 at 16:13:35
28 verbose request using bearer token for auth
29 verbose request id ff1e9d6d21ba6837
30 http request PUT https://registry.npmjs.org/osr-childprocess
31 http 403 https://registry.npmjs.org/osr-childprocess
32 verbose headers { 'content-type': 'application/json',
32 verbose headers   'cache-control': 'max-age=60',
32 verbose headers   'content-length': '95',
32 verbose headers   'accept-ranges': 'bytes',
32 verbose headers   date: 'Wed, 16 Sep 2015 08:13:51 GMT',
32 verbose headers   via: '1.1 varnish',
32 verbose headers   connection: 'keep-alive',
32 verbose headers   'x-served-by': 'cache-itm7427-ITM',
32 verbose headers   'x-cache': 'MISS',
32 verbose headers   'x-cache-hits': '0',
32 verbose headers   'x-timer': 'S1442391231.294589,VS0,VE594' }
33 verbose request invalidating C:\Users\Administrator\AppData\Roaming\npm-cache\registry.npmjs.org\osr-childprocess on PUT
34 error publish Failed PUT 403
35 verbose stack Error: "You cannot publish over the previously published version 0.1.5." : osr-childprocess
35 verbose stack     at makeError (D:\Program Files\nodejs\node_modules\npm\node_modules\npm-registry-client\lib\request.js:263:12)
35 verbose stack     at CachingRegistryClient.<anonymous> (D:\Program Files\nodejs\node_modules\npm\node_modules\npm-registry-client\lib\request.js:251:14)
35 verbose stack     at Request._callback (D:\Program Files\nodejs\node_modules\npm\node_modules\npm-registry-client\lib\request.js:171:14)
35 verbose stack     at Request.self.callback (D:\Program Files\nodejs\node_modules\npm\node_modules\request\request.js:198:22)
35 verbose stack     at emitTwo (events.js:87:13)
35 verbose stack     at Request.emit (events.js:172:7)
35 verbose stack     at Request.<anonymous> (D:\Program Files\nodejs\node_modules\npm\node_modules\request\request.js:1073:14)
35 verbose stack     at emitOne (events.js:82:20)
35 verbose stack     at Request.emit (events.js:169:7)
35 verbose stack     at IncomingMessage.<anonymous> (D:\Program Files\nodejs\node_modules\npm\node_modules\request\request.js:1019:12)
36 verbose statusCode 403
37 verbose pkgid osr-childprocess
38 verbose cwd E:\Node_Project\MyModules\osr-childprocess
39 error Windows_NT 6.1.7601
40 error argv "D:\\Program Files\\nodejs\\node.exe" "D:\\Program Files\\nodejs\\node_modules\\npm\\bin\\npm-cli.js" "publish"
41 error node v4.0.0
42 error npm  v2.14.2
43 error code E403
44 error "You cannot publish over the previously published version 0.1.5." : osr-childprocess
45 error If you need help, you may report this error at:
45 error     <https://github.com/npm/npm/issues>
46 verbose exit [ 1, true ]
